This is pdfTeX, Version 3.14159265-2.6-1.40.21 (MiKTeX 20.6.29 32-bit) (preloaded format=pdflatex 2020.7.8)  20 AUG 2020 12:51
entering extended mode
**./TPN9.tex
(TPN9.tex
LaTeX2e <2020-02-02> patch level 5
L3 programming layer <2020-06-18>
("C:\Users\JUAN DAVID\AppData\Local\Programs\MiKTeX\tex/latex/examdesign\examde
sign.cls"
File: examdesign.dtx 

Document Class: examdesign 
\c@passes=\count167
("C:\Users\JUAN DAVID\AppData\Local\Programs\MiKTeX\tex/latex/base\article.cls"
Document Class: article 2019/12/20 v1.4l Standard LaTeX document class
("C:\Users\JUAN DAVID\AppData\Local\Programs\MiKTeX\tex/latex/base\size12.clo"
File: size12.clo 2019/12/20 v1.4l Standard LaTeX file (size option)
)
\c@part=\count168
\c@section=\count169
\c@subsection=\count170
\c@subsubsection=\count171
\c@paragraph=\count172
\c@subparagraph=\count173
\c@figure=\count174
\c@table=\count175
\abovecaptionskip=\skip47
\belowcaptionskip=\skip48
\bibindent=\dimen134
)
("C:\Users\JUAN DAVID\AppData\Local\Programs\MiKTeX\tex/latex/tools\enumerate.s
ty"
Package: enumerate 2015/07/23 v3.00 enumerate extensions (DPC)
\@enLab=\toks15
)
("C:\Users\JUAN DAVID\AppData\Local\Programs\MiKTeX\tex/latex/tools\multicol.st
y"
Package: multicol 2019/12/09 v1.8y multicolumn formatting (FMi)
\c@tracingmulticols=\count176
\mult@box=\box45
\multicol@leftmargin=\dimen135
\c@unbalance=\count177
\c@collectmore=\count178
\doublecol@number=\count179
\multicoltolerance=\count180
\multicolpretolerance=\count181
\full@width=\dimen136
\page@free=\dimen137
\premulticols=\dimen138
\postmulticols=\dimen139
\multicolsep=\skip49
\multicolbaselineskip=\skip50
\partial@page=\box46
\last@line=\box47
\maxbalancingoverflow=\dimen140
\mult@rightbox=\box48
\mult@grightbox=\box49
\mult@gfirstbox=\box50
\mult@firstbox=\box51
\@tempa=\box52
\@tempa=\box53
\@tempa=\box54
\@tempa=\box55
\@tempa=\box56
\@tempa=\box57
\@tempa=\box58
\@tempa=\box59
\@tempa=\box60
\@tempa=\box61
\@tempa=\box62
\@tempa=\box63
\@tempa=\box64
\@tempa=\box65
\@tempa=\box66
\@tempa=\box67
\@tempa=\box68
\@tempa=\box69
\@tempa=\box70
\@tempa=\box71
\@tempa=\box72
\@tempa=\box73
\@tempa=\box74
\@tempa=\box75
\@tempa=\box76
\@tempa=\box77
\@tempa=\box78
\@tempa=\box79
\@tempa=\box80
\@tempa=\box81
\@tempa=\box82
\@tempa=\box83
\@tempa=\box84
\@tempa=\box85
\@tempa=\box86
\@tempa=\box87
\@tempa=\box88
\c@minrows=\count182
\c@columnbadness=\count183
\c@finalcolumnbadness=\count184
\last@try=\dimen141
\multicolovershoot=\dimen142
\multicolundershoot=\dimen143
\mult@nat@firstbox=\box89
\colbreak@box=\box90
\mc@col@check@num=\count185
)
("C:\Users\JUAN DAVID\AppData\Local\Programs\MiKTeX\tex/latex/graphics\keyval.s
ty"
Package: keyval 2014/10/28 v1.15 key=value parser (DPC)
\KV@toks@=\toks16
)
\randomi=\count186
\ranval=\count187
\UL@box=\box91
\UL@hyphenbox=\box92
\UL@skip=\skip51
\UL@pe=\count188
\UL@pixel=\dimen144
\ULC@box=\box93
\ULdepth=\dimen145
\c@questionnumber=\count189
\c@extract=\count190
\c@question=\count191
\c@length=\count192
\c@temp=\count193
\c@wordtemp=\count194
\c@form=\count195
\c@version=\count196
\c@current@section=\count197
\c@current@question=\count198
\c@innerloop=\count199
\c@sect=\count266
\c@sectionindex=\count267
\c@answer=\count268
\c@choice=\count269
\c@mcquestion=\count270
\c@mcchoice=\count271
\c@savelistcnt=\count272
\blank@length=\skip52
\temp@length=\skip53
\temp@@length=\skip54
\namedata@vspace=\skip55
\beforesectsep=\skip56
\aftersectsep=\skip57
\beforeinstsep=\skip58
\afterinstsep=\skip59
\temptoks=\toks17
\temp@toks=\toks18
\exam@c=\count273
\exam@n=\count274
\exam@m=\count275
 Randomizer initialized to 905614124.
\@toklist=\toks19
\c@first=\count276
\c@last=\count277
\c@exam@tf=\count278
)
("C:\Users\JUAN DAVID\AppData\Local\Programs\MiKTeX\tex/generic/babel\babel.sty
"
Package: babel 2020/06/10 3.45 The Babel package

("C:\Users\JUAN DAVID\AppData\Local\Programs\MiKTeX\tex/generic/babel\babel.def
"
File: babel.def 2020/06/10 3.45 Babel common definitions
\babel@savecnt=\count279
\U@D=\dimen146
\l@babelnohyphens=\language79

("C:\Users\JUAN DAVID\AppData\Local\Programs\MiKTeX\tex/gene